

Started GET "/" for 127.0.0.1 at 2014-10-27 20:39:31 +0200
Processing by Rails::WelcomeController#index as HTML
  Rendered /Users/ahmed/.rvm/gems/ruby-1.9.3-p392/gems/railties-4.1.6/lib/rails/templates/rails/welcome/index.html.erb (6.3ms)
Completed 200 OK in 102ms (Views: 56.0ms)


Started GET "/" for 127.0.0.1 at 2014-10-27 20:39:41 +0200
Processing by Rails::WelcomeController#index as HTML
  Rendered /Users/ahmed/.rvm/gems/ruby-1.9.3-p392/gems/railties-4.1.6/lib/rails/templates/rails/welcome/index.html.erb (0.1ms)
Completed 200 OK in 3ms (Views: 1.8ms)


Started GET "/" for 127.0.0.1 at 2014-10-27 20:39:59 +0200
Processing by Rails::WelcomeController#index as HTML
  Rendered /Users/ahmed/.rvm/gems/ruby-1.9.3-p392/gems/railties-4.1.6/lib/rails/templates/rails/welcome/index.html.erb (0.1ms)
Completed 200 OK in 2ms (Views: 1.6ms)


Started GET "/" for 127.0.0.1 at 2014-10-27 20:41:33 +0200

ActionController::RoutingError (uninitialized constant WelcomeController):
  activesupport (4.1.6) lib/active_support/inflector/methods.rb:238:in `const_get'
  activesupport (4.1.6) lib/active_support/inflector/methods.rb:238:in `block in constantize'
  activesupport (4.1.6) lib/active_support/inflector/methods.rb:236:in `each'
  activesupport (4.1.6) lib/active_support/inflector/methods.rb:236:in `inject'
  activesupport (4.1.6) lib/active_support/inflector/methods.rb:236:in `constantize'
  actionpack (4.1.6) lib/action_dispatch/routing/route_set.rb:78:in `controller_reference'
  actionpack (4.1.6) lib/action_dispatch/routing/route_set.rb:68:in `controller'
  actionpack (4.1.6) lib/action_dispatch/routing/route_set.rb:46:in `call'
  actionpack (4.1.6) lib/action_dispatch/journey/router.rb:73:in `block in call'
  actionpack (4.1.6) lib/action_dispatch/journey/router.rb:59:in `each'
  actionpack (4.1.6) lib/action_dispatch/journey/router.rb:59:in `call'
  actionpack (4.1.6) lib/action_dispatch/routing/route_set.rb:678:in `call'
  rack (1.5.2) lib/rack/etag.rb:23:in `call'
  rack (1.5.2) lib/rack/conditionalget.rb:25:in `call'
  rack (1.5.2) lib/rack/head.rb:11:in `call'
  actionpack (4.1.6) lib/action_dispatch/middleware/params_parser.rb:27:in `call'
  actionpack (4.1.6) lib/action_dispatch/middleware/flash.rb:254:in `call'
  rack (1.5.2) lib/rack/session/abstract/id.rb:225:in `context'
  rack (1.5.2) lib/rack/session/abstract/id.rb:220:in `call'
  actionpack (4.1.6) lib/action_dispatch/middleware/cookies.rb:560:in `call'
  actionpack (4.1.6) lib/action_dispatch/middleware/callbacks.rb:29:in `block in call'
  activesupport (4.1.6) lib/active_support/callbacks.rb:82:in `run_callbacks'
  actionpack (4.1.6) lib/action_dispatch/middleware/callbacks.rb:27:in `call'
  actionpack (4.1.6) lib/action_dispatch/middleware/reloader.rb:73:in `call'
  actionpack (4.1.6) lib/action_dispatch/middleware/remote_ip.rb:76:in `call'
  actionpack (4.1.6) lib/action_dispatch/middleware/debug_exceptions.rb:17:in `call'
  actionpack (4.1.6) lib/action_dispatch/middleware/show_exceptions.rb:30:in `call'
  railties (4.1.6) lib/rails/rack/logger.rb:38:in `call_app'
  railties (4.1.6) lib/rails/rack/logger.rb:20:in `block in call'
  activesupport (4.1.6) lib/active_support/tagged_logging.rb:68:in `block in tagged'
  activesupport (4.1.6) lib/active_support/tagged_logging.rb:26:in `tagged'
  activesupport (4.1.6) lib/active_support/tagged_logging.rb:68:in `tagged'
  railties (4.1.6) lib/rails/rack/logger.rb:20:in `call'
  actionpack (4.1.6) lib/action_dispatch/middleware/request_id.rb:21:in `call'
  rack (1.5.2) lib/rack/methodoverride.rb:21:in `call'
  rack (1.5.2) lib/rack/runtime.rb:17:in `call'
  activesupport (4.1.6) lib/active_support/cache/strategy/local_cache_middleware.rb:26:in `call'
  rack (1.5.2) lib/rack/lock.rb:17:in `call'
  actionpack (4.1.6) lib/action_dispatch/middleware/static.rb:64:in `call'
  rack (1.5.2) lib/rack/sendfile.rb:112:in `call'
  railties (4.1.6) lib/rails/engine.rb:514:in `call'
  railties (4.1.6) lib/rails/application.rb:144:in `call'
  rack (1.5.2) lib/rack/lock.rb:17:in `call'
  rack (1.5.2) lib/rack/content_length.rb:14:in `call'
  rack (1.5.2) lib/rack/handler/webrick.rb:60:in `service'
  /Users/ahmed/.rvm/rubies/ruby-1.9.3-p392/lib/ruby/1.9.1/webrick/httpserver.rb:138:in `service'
  /Users/ahmed/.rvm/rubies/ruby-1.9.3-p392/lib/ruby/1.9.1/webrick/httpserver.rb:94:in `run'
  /Users/ahmed/.rvm/rubies/ruby-1.9.3-p392/lib/ruby/1.9.1/webrick/server.rb:191:in `block in start_thread'


  Rendered /Users/ahmed/.rvm/gems/ruby-1.9.3-p392/gems/actionpack-4.1.6/lib/action_dispatch/middleware/templates/rescues/_trace.html.erb (2.2ms)
  Rendered /Users/ahmed/.rvm/gems/ruby-1.9.3-p392/gems/actionpack-4.1.6/lib/action_dispatch/middleware/templates/routes/_route.html.erb (1.4ms)
  Rendered /Users/ahmed/.rvm/gems/ruby-1.9.3-p392/gems/actionpack-4.1.6/lib/action_dispatch/middleware/templates/routes/_table.html.erb (137.9ms)
  Rendered /Users/ahmed/.rvm/gems/ruby-1.9.3-p392/gems/actionpack-4.1.6/lib/action_dispatch/middleware/templates/rescues/routing_error.html.erb within rescues/layout (200.0ms)


Started GET "/" for 127.0.0.1 at 2014-10-27 20:41:47 +0200
Processing by ApplicationController#index as HTML
  Rendered text template (0.0ms)
Sent data x.pdf (17.9ms)
Completed 200 OK in 102ms (Views: 17.7ms)


Started GET "/" for 127.0.0.1 at 2014-10-27 20:43:38 +0200
Processing by ApplicationController#index as HTML
Completed 500 Internal Server Error in 6ms

NoMethodError (undefined method `image' for #<ApplicationController:0x00000103266638>):
  app/controllers/application_controller.rb:13:in `index'


  Rendered /Users/ahmed/.rvm/gems/ruby-1.9.3-p392/gems/actionpack-4.1.6/lib/action_dispatch/middleware/templates/rescues/_source.erb (1.3ms)
  Rendered /Users/ahmed/.rvm/gems/ruby-1.9.3-p392/gems/actionpack-4.1.6/lib/action_dispatch/middleware/templates/rescues/_trace.html.erb (1.8ms)
  Rendered /Users/ahmed/.rvm/gems/ruby-1.9.3-p392/gems/actionpack-4.1.6/lib/action_dispatch/middleware/templates/rescues/_request_and_response.html.erb (1.5ms)
  Rendered /Users/ahmed/.rvm/gems/ruby-1.9.3-p392/gems/actionpack-4.1.6/lib/action_dispatch/middleware/templates/rescues/diagnostics.erb within rescues/layout (42.2ms)


Started GET "/" for 127.0.0.1 at 2014-10-27 20:44:03 +0200
Processing by ApplicationController#index as HTML
Completed 500 Internal Server Error in 3ms

ArgumentError (/triptab.jpg not found):
  app/controllers/application_controller.rb:13:in `index'


  Rendered /Users/ahmed/.rvm/gems/ruby-1.9.3-p392/gems/actionpack-4.1.6/lib/action_dispatch/middleware/templates/rescues/_source.erb (1.3ms)
  Rendered /Users/ahmed/.rvm/gems/ruby-1.9.3-p392/gems/actionpack-4.1.6/lib/action_dispatch/middleware/templates/rescues/_trace.html.erb (1.8ms)
  Rendered /Users/ahmed/.rvm/gems/ruby-1.9.3-p392/gems/actionpack-4.1.6/lib/action_dispatch/middleware/templates/rescues/_request_and_response.html.erb (1.5ms)
  Rendered /Users/ahmed/.rvm/gems/ruby-1.9.3-p392/gems/actionpack-4.1.6/lib/action_dispatch/middleware/templates/rescues/diagnostics.erb within rescues/layout (26.0ms)


Started GET "/" for 127.0.0.1 at 2014-10-27 20:44:13 +0200
Processing by ApplicationController#index as HTML
Completed 500 Internal Server Error in 3ms

ArgumentError (/public/triptab.jpg not found):
  app/controllers/application_controller.rb:13:in `index'


  Rendered /Users/ahmed/.rvm/gems/ruby-1.9.3-p392/gems/actionpack-4.1.6/lib/action_dispatch/middleware/templates/rescues/_source.erb (1.1ms)
  Rendered /Users/ahmed/.rvm/gems/ruby-1.9.3-p392/gems/actionpack-4.1.6/lib/action_dispatch/middleware/templates/rescues/_trace.html.erb (1.9ms)
  Rendered /Users/ahmed/.rvm/gems/ruby-1.9.3-p392/gems/actionpack-4.1.6/lib/action_dispatch/middleware/templates/rescues/_request_and_response.html.erb (1.4ms)
  Rendered /Users/ahmed/.rvm/gems/ruby-1.9.3-p392/gems/actionpack-4.1.6/lib/action_dispatch/middleware/templates/rescues/diagnostics.erb within rescues/layout (25.9ms)


Started GET "/" for 127.0.0.1 at 2014-10-27 20:44:35 +0200
Processing by ApplicationController#index as HTML
  Rendered text template (0.0ms)
Sent data x.pdf (1.1ms)
Completed 200 OK in 8ms (Views: 0.9ms)


Started GET "/" for 127.0.0.1 at 2014-10-27 20:44:51 +0200
Processing by ApplicationController#index as HTML
  Rendered text template (0.0ms)
Sent data x.pdf (1.1ms)
Completed 200 OK in 6ms (Views: 0.9ms)


Started GET "/" for 127.0.0.1 at 2014-10-27 20:45:32 +0200
Processing by ApplicationController#index as HTML
Completed 500 Internal Server Error in 5ms

NameError (undefined local variable or method `cursor' for #<ApplicationController:0x000001031bb940>):
  app/controllers/application_controller.rb:13:in `index'


  Rendered /Users/ahmed/.rvm/gems/ruby-1.9.3-p392/gems/actionpack-4.1.6/lib/action_dispatch/middleware/templates/rescues/_source.erb (1.1ms)
  Rendered /Users/ahmed/.rvm/gems/ruby-1.9.3-p392/gems/actionpack-4.1.6/lib/action_dispatch/middleware/templates/rescues/_trace.html.erb (1.8ms)
  Rendered /Users/ahmed/.rvm/gems/ruby-1.9.3-p392/gems/actionpack-4.1.6/lib/action_dispatch/middleware/templates/rescues/_request_and_response.html.erb (1.3ms)
  Rendered /Users/ahmed/.rvm/gems/ruby-1.9.3-p392/gems/actionpack-4.1.6/lib/action_dispatch/middleware/templates/rescues/diagnostics.erb within rescues/layout (26.6ms)


Started GET "/" for 127.0.0.1 at 2014-10-27 20:45:36 +0200
Processing by ApplicationController#index as HTML
  Rendered text template (0.0ms)
Sent data x.pdf (1.2ms)
Completed 200 OK in 7ms (Views: 1.1ms)


Started GET "/" for 127.0.0.1 at 2014-10-27 20:45:44 +0200
Processing by ApplicationController#index as HTML
  Rendered text template (0.0ms)
Sent data x.pdf (1.1ms)
Completed 200 OK in 77ms (Views: 1.0ms)


Started GET "/" for 127.0.0.1 at 2014-10-27 20:46:42 +0200
Processing by ApplicationController#index as HTML
  Rendered text template (0.0ms)
Sent data x.pdf (1.1ms)
Completed 200 OK in 6ms (Views: 1.0ms)


Started GET "/" for 127.0.0.1 at 2014-10-27 20:47:00 +0200
Processing by ApplicationController#index as HTML
  Rendered text template (0.0ms)
Sent data x.pdf (1.0ms)
Completed 200 OK in 7ms (Views: 0.9ms)


Started GET "/" for 127.0.0.1 at 2014-10-27 20:47:57 +0200
Processing by ApplicationController#index as HTML
Completed 500 Internal Server Error in 14ms

NoMethodError (undefined method `render' for nil:NilClass):
  app/controllers/application_controller.rb:26:in `index'


  Rendered /Users/ahmed/.rvm/gems/ruby-1.9.3-p392/gems/actionpack-4.1.6/lib/action_dispatch/middleware/templates/rescues/_source.erb (1.3ms)
  Rendered /Users/ahmed/.rvm/gems/ruby-1.9.3-p392/gems/actionpack-4.1.6/lib/action_dispatch/middleware/templates/rescues/_trace.html.erb (1.8ms)
  Rendered /Users/ahmed/.rvm/gems/ruby-1.9.3-p392/gems/actionpack-4.1.6/lib/action_dispatch/middleware/templates/rescues/_request_and_response.html.erb (1.4ms)
  Rendered /Users/ahmed/.rvm/gems/ruby-1.9.3-p392/gems/actionpack-4.1.6/lib/action_dispatch/middleware/templates/rescues/diagnostics.erb within rescues/layout (25.6ms)


Started GET "/" for 127.0.0.1 at 2014-10-27 20:49:30 +0200
Processing by ApplicationController#index as HTML
  Rendered text template (0.0ms)
Sent data x.pdf (1.2ms)
Completed 200 OK in 7ms (Views: 1.0ms)


Started GET "/" for 127.0.0.1 at 2014-10-27 20:51:07 +0200
Processing by ApplicationController#index as HTML
Completed 500 Internal Server Error in 4ms

NameError (uninitialized constant Prawn::Document::PageGeometry):
  app/controllers/application_controller.rb:15:in `index'


  Rendered /Users/ahmed/.rvm/gems/ruby-1.9.3-p392/gems/actionpack-4.1.6/lib/action_dispatch/middleware/templates/rescues/_source.erb (1.1ms)
  Rendered /Users/ahmed/.rvm/gems/ruby-1.9.3-p392/gems/actionpack-4.1.6/lib/action_dispatch/middleware/templates/rescues/_trace.html.erb (1.7ms)
  Rendered /Users/ahmed/.rvm/gems/ruby-1.9.3-p392/gems/actionpack-4.1.6/lib/action_dispatch/middleware/templates/rescues/_request_and_response.html.erb (1.3ms)
  Rendered /Users/ahmed/.rvm/gems/ruby-1.9.3-p392/gems/actionpack-4.1.6/lib/action_dispatch/middleware/templates/rescues/diagnostics.erb within rescues/layout (24.2ms)


Started GET "/" for 127.0.0.1 at 2014-10-27 20:51:30 +0200
Processing by ApplicationController#index as HTML
Completed 500 Internal Server Error in 4ms

NameError (uninitialized constant Prawn::Document::PageGeometry):
  app/controllers/application_controller.rb:14:in `index'


  Rendered /Users/ahmed/.rvm/gems/ruby-1.9.3-p392/gems/actionpack-4.1.6/lib/action_dispatch/middleware/templates/rescues/_source.erb (1.2ms)
  Rendered /Users/ahmed/.rvm/gems/ruby-1.9.3-p392/gems/actionpack-4.1.6/lib/action_dispatch/middleware/templates/rescues/_trace.html.erb (1.9ms)
  Rendered /Users/ahmed/.rvm/gems/ruby-1.9.3-p392/gems/actionpack-4.1.6/lib/action_dispatch/middleware/templates/rescues/_request_and_response.html.erb (1.6ms)
  Rendered /Users/ahmed/.rvm/gems/ruby-1.9.3-p392/gems/actionpack-4.1.6/lib/action_dispatch/middleware/templates/rescues/diagnostics.erb within rescues/layout (26.7ms)


Started GET "/" for 127.0.0.1 at 2014-10-27 20:52:31 +0200
Processing by ApplicationController#index as HTML
  Rendered text template (0.0ms)
Sent data x.pdf (1.0ms)
Completed 200 OK in 7ms (Views: 0.9ms)


Started GET "/" for 127.0.0.1 at 2014-10-27 20:52:46 +0200
Processing by ApplicationController#index as HTML
  Rendered text template (0.0ms)
Sent data x.pdf (1.0ms)
Completed 200 OK in 6ms (Views: 0.9ms)


Started GET "/" for 127.0.0.1 at 2014-10-27 20:53:20 +0200
Processing by ApplicationController#index as HTML
  Rendered text template (0.0ms)
Sent data x.pdf (1.1ms)
Completed 200 OK in 5ms (Views: 1.0ms)


Started GET "/" for 127.0.0.1 at 2014-10-27 20:53:23 +0200
Processing by ApplicationController#index as HTML
  Rendered text template (0.0ms)
Sent data x.pdf (1.1ms)
Completed 200 OK in 7ms (Views: 0.9ms)


Started GET "/" for 127.0.0.1 at 2014-10-27 20:53:33 +0200
Processing by ApplicationController#index as HTML
Completed 500 Internal Server Error in 4ms

TypeError (nil can't be coerced into Float):
  app/controllers/application_controller.rb:14:in `index'


  Rendered /Users/ahmed/.rvm/gems/ruby-1.9.3-p392/gems/actionpack-4.1.6/lib/action_dispatch/middleware/templates/rescues/_source.erb (1.4ms)
  Rendered /Users/ahmed/.rvm/gems/ruby-1.9.3-p392/gems/actionpack-4.1.6/lib/action_dispatch/middleware/templates/rescues/_trace.html.erb (2.8ms)
  Rendered /Users/ahmed/.rvm/gems/ruby-1.9.3-p392/gems/actionpack-4.1.6/lib/action_dispatch/middleware/templates/rescues/_request_and_response.html.erb (1.4ms)
  Rendered /Users/ahmed/.rvm/gems/ruby-1.9.3-p392/gems/actionpack-4.1.6/lib/action_dispatch/middleware/templates/rescues/diagnostics.erb within rescues/layout (27.3ms)


Started GET "/" for 127.0.0.1 at 2014-10-27 20:53:37 +0200
Processing by ApplicationController#index as HTML
  Rendered text template (0.0ms)
Sent data x.pdf (1.1ms)
Completed 200 OK in 63ms (Views: 0.9ms)


Started GET "/" for 127.0.0.1 at 2014-10-27 20:53:49 +0200
Processing by ApplicationController#index as HTML
  Rendered text template (0.1ms)
Sent data x.pdf (10.5ms)
Completed 200 OK in 17ms (Views: 10.1ms)


Started GET "/" for 127.0.0.1 at 2014-10-27 20:53:57 +0200
Processing by ApplicationController#index as HTML
  Rendered text template (0.0ms)
Sent data x.pdf (1.1ms)
Completed 200 OK in 8ms (Views: 0.9ms)


Started GET "/" for 127.0.0.1 at 2014-10-27 20:54:03 +0200
Processing by ApplicationController#index as HTML
  Rendered text template (0.0ms)
Sent data x.pdf (2.1ms)
Completed 200 OK in 10ms (Views: 1.9ms)


Started GET "/" for 127.0.0.1 at 2014-10-27 20:54:08 +0200
Processing by ApplicationController#index as HTML
  Rendered text template (0.0ms)
Sent data x.pdf (1.0ms)
Completed 200 OK in 6ms (Views: 0.9ms)


Started GET "/" for 127.0.0.1 at 2014-10-27 20:54:13 +0200
Processing by ApplicationController#index as HTML
  Rendered text template (0.0ms)
Sent data x.pdf (1.2ms)
Completed 200 OK in 7ms (Views: 1.1ms)


Started GET "/" for 127.0.0.1 at 2014-10-27 20:54:34 +0200
Processing by ApplicationController#index as HTML
  Rendered text template (0.0ms)
Sent data x.pdf (1.2ms)
Completed 200 OK in 12ms (Views: 1.0ms)


Started GET "/" for 127.0.0.1 at 2014-10-27 20:54:41 +0200
Processing by ApplicationController#index as HTML
  Rendered text template (0.0ms)
Sent data x.pdf (1.4ms)
Completed 200 OK in 111ms (Views: 1.2ms)


Started GET "/" for 127.0.0.1 at 2014-10-27 20:54:52 +0200
Processing by ApplicationController#index as HTML
Completed 500 Internal Server Error in 1ms

NoMethodError (undefined method `-@' for [595.28, 841.89]:Array):
  app/controllers/application_controller.rb:14:in `index'


  Rendered /Users/ahmed/.rvm/gems/ruby-1.9.3-p392/gems/actionpack-4.1.6/lib/action_dispatch/middleware/templates/rescues/_source.erb (1.2ms)
  Rendered /Users/ahmed/.rvm/gems/ruby-1.9.3-p392/gems/actionpack-4.1.6/lib/action_dispatch/middleware/templates/rescues/_trace.html.erb (1.8ms)
  Rendered /Users/ahmed/.rvm/gems/ruby-1.9.3-p392/gems/actionpack-4.1.6/lib/action_dispatch/middleware/templates/rescues/_request_and_response.html.erb (1.5ms)
  Rendered /Users/ahmed/.rvm/gems/ruby-1.9.3-p392/gems/actionpack-4.1.6/lib/action_dispatch/middleware/templates/rescues/diagnostics.erb within rescues/layout (28.9ms)


Started GET "/" for 127.0.0.1 at 2014-10-27 20:54:54 +0200
Processing by ApplicationController#index as HTML
  Rendered text template (0.0ms)
Sent data x.pdf (1.2ms)
Completed 200 OK in 5ms (Views: 1.0ms)


Started GET "/" for 127.0.0.1 at 2014-10-27 20:55:05 +0200
Processing by ApplicationController#index as HTML
Completed 500 Internal Server Error in 1ms

NoMethodError (undefined method `unpack' for [595.28, 841.89]:Array):
  app/controllers/application_controller.rb:13:in `index'


  Rendered /Users/ahmed/.rvm/gems/ruby-1.9.3-p392/gems/actionpack-4.1.6/lib/action_dispatch/middleware/templates/rescues/_source.erb (1.4ms)
  Rendered /Users/ahmed/.rvm/gems/ruby-1.9.3-p392/gems/actionpack-4.1.6/lib/action_dispatch/middleware/templates/rescues/_trace.html.erb (1.9ms)
  Rendered /Users/ahmed/.rvm/gems/ruby-1.9.3-p392/gems/actionpack-4.1.6/lib/action_dispatch/middleware/templates/rescues/_request_and_response.html.erb (1.3ms)
  Rendered /Users/ahmed/.rvm/gems/ruby-1.9.3-p392/gems/actionpack-4.1.6/lib/action_dispatch/middleware/templates/rescues/diagnostics.erb within rescues/layout (25.4ms)


Started GET "/" for 127.0.0.1 at 2014-10-27 20:55:21 +0200
Processing by ApplicationController#index as HTML
  Rendered text template (0.0ms)
Sent data x.pdf (2.4ms)
Completed 200 OK in 66ms (Views: 2.2ms)


Started GET "/" for 127.0.0.1 at 2014-10-27 20:55:49 +0200
Processing by ApplicationController#index as HTML
  Rendered text template (0.0ms)
Sent data x.pdf (1.0ms)
Completed 200 OK in 6ms (Views: 0.9ms)


Started GET "/" for 127.0.0.1 at 2014-10-27 20:56:00 +0200
Processing by ApplicationController#index as HTML
  Rendered text template (0.0ms)
Sent data x.pdf (1.2ms)
Completed 200 OK in 5ms (Views: 1.1ms)


Started GET "/" for 127.0.0.1 at 2014-10-27 20:56:09 +0200
Processing by ApplicationController#index as HTML
  Rendered text template (0.0ms)
Sent data x.pdf (1.2ms)
Completed 200 OK in 6ms (Views: 1.0ms)


Started GET "/" for 127.0.0.1 at 2014-10-27 20:56:55 +0200
Processing by ApplicationController#index as HTML
  Rendered text template (0.0ms)
Sent data x.pdf (1.1ms)
Completed 200 OK in 58ms (Views: 0.9ms)


Started GET "/" for 127.0.0.1 at 2014-10-27 20:57:00 +0200
Processing by ApplicationController#index as HTML
  Rendered text template (0.0ms)
Sent data x.pdf (1.3ms)
Completed 200 OK in 5ms (Views: 1.2ms)


Started GET "/" for 127.0.0.1 at 2014-10-27 20:57:05 +0200
Processing by ApplicationController#index as HTML
  Rendered text template (0.0ms)
Sent data x.pdf (1.0ms)
Completed 200 OK in 5ms (Views: 0.9ms)


Started GET "/" for 127.0.0.1 at 2014-10-27 20:57:09 +0200
Processing by ApplicationController#index as HTML
  Rendered text template (0.0ms)
Sent data x.pdf (1.1ms)
Completed 200 OK in 6ms (Views: 0.9ms)


Started GET "/" for 127.0.0.1 at 2014-10-27 20:57:17 +0200
Processing by ApplicationController#index as HTML
  Rendered text template (0.0ms)
Sent data x.pdf (1.2ms)
Completed 200 OK in 6ms (Views: 1.1ms)


Started GET "/" for 127.0.0.1 at 2014-10-27 20:57:21 +0200
Processing by ApplicationController#index as HTML
  Rendered text template (0.0ms)
Sent data x.pdf (1.0ms)
Completed 200 OK in 5ms (Views: 0.9ms)


Started GET "/" for 127.0.0.1 at 2014-10-27 20:58:00 +0200
Processing by ApplicationController#index as HTML
  Rendered text template (0.0ms)
Sent data x.pdf (1.1ms)
Completed 200 OK in 8ms (Views: 1.0ms)


Started GET "/" for 127.0.0.1 at 2014-10-27 20:58:09 +0200

SyntaxError (/Users/ahmed/github/triptab/triptab/app/controllers/application_controller.rb:11: syntax error, unexpected '\n', expecting tASSOC):
  app/controllers/application_controller.rb:11: syntax error, unexpected '\n', expecting tASSOC


  Rendered /Users/ahmed/.rvm/gems/ruby-1.9.3-p392/gems/actionpack-4.1.6/lib/action_dispatch/middleware/templates/rescues/_source.erb (1.2ms)
  Rendered /Users/ahmed/.rvm/gems/ruby-1.9.3-p392/gems/actionpack-4.1.6/lib/action_dispatch/middleware/templates/rescues/_trace.html.erb (1.9ms)
  Rendered /Users/ahmed/.rvm/gems/ruby-1.9.3-p392/gems/actionpack-4.1.6/lib/action_dispatch/middleware/templates/rescues/_request_and_response.html.erb (1.7ms)
  Rendered /Users/ahmed/.rvm/gems/ruby-1.9.3-p392/gems/actionpack-4.1.6/lib/action_dispatch/middleware/templates/rescues/diagnostics.erb within rescues/layout (26.6ms)


Started GET "/" for 127.0.0.1 at 2014-10-27 20:58:13 +0200
Processing by ApplicationController#index as HTML
  Rendered text template (0.0ms)
Sent data x.pdf (1.0ms)
Completed 200 OK in 5ms (Views: 0.9ms)


Started GET "/" for 127.0.0.1 at 2014-10-27 20:58:40 +0200
Processing by ApplicationController#index as HTML
  Rendered text template (0.0ms)
Sent data x.pdf (1.5ms)
Completed 200 OK in 6ms (Views: 1.3ms)


Started GET "/" for 127.0.0.1 at 2014-10-27 20:58:46 +0200
Processing by ApplicationController#index as HTML
  Rendered text template (0.0ms)
Sent data x.pdf (3.7ms)
Completed 200 OK in 8ms (Views: 3.5ms)


Started GET "/" for 127.0.0.1 at 2014-10-27 20:58:50 +0200
Processing by ApplicationController#index as HTML
  Rendered text template (0.0ms)
Sent data x.pdf (1.0ms)
Completed 200 OK in 5ms (Views: 0.9ms)


Started GET "/" for 127.0.0.1 at 2014-10-27 20:58:57 +0200
Processing by ApplicationController#index as HTML
  Rendered text template (0.0ms)
Sent data x.pdf (1.0ms)
Completed 200 OK in 5ms (Views: 0.9ms)


Started GET "/" for 127.0.0.1 at 2014-10-27 20:59:01 +0200
Processing by ApplicationController#index as HTML
  Rendered text template (1.8ms)
Sent data x.pdf (11.9ms)
Completed 200 OK in 16ms (Views: 11.8ms)


Started GET "/" for 127.0.0.1 at 2014-10-27 20:59:15 +0200
Processing by ApplicationController#index as HTML
  Rendered text template (0.0ms)
Sent data x.pdf (1.5ms)
Completed 200 OK in 6ms (Views: 1.3ms)


Started GET "/" for 127.0.0.1 at 2014-10-27 20:59:27 +0200
Processing by ApplicationController#index as HTML
  Rendered text template (0.0ms)
Sent data x.pdf (1.1ms)
Completed 200 OK in 55ms (Views: 0.9ms)


Started GET "/" for 127.0.0.1 at 2014-10-27 20:59:32 +0200
Processing by ApplicationController#index as HTML
  Rendered text template (0.0ms)
Sent data x.pdf (1.1ms)
Completed 200 OK in 6ms (Views: 1.0ms)


Started GET "/" for 127.0.0.1 at 2014-10-27 20:59:37 +0200
Processing by ApplicationController#index as HTML
  Rendered text template (0.0ms)
Sent data x.pdf (1.1ms)
Completed 200 OK in 7ms (Views: 0.9ms)


Started GET "/" for 127.0.0.1 at 2014-10-27 20:59:42 +0200
Processing by ApplicationController#index as HTML
  Rendered text template (0.0ms)
Sent data x.pdf (1.1ms)
Completed 200 OK in 6ms (Views: 0.9ms)


Started GET "/" for 127.0.0.1 at 2014-10-27 21:00:04 +0200
Processing by ApplicationController#index as HTML
  Rendered text template (0.0ms)
Sent data x.pdf (1.6ms)
Completed 200 OK in 7ms (Views: 1.4ms)


Started GET "/" for 127.0.0.1 at 2014-10-27 21:00:15 +0200
Processing by ApplicationController#index as HTML
  Rendered text template (0.0ms)
Sent data x.pdf (1.2ms)
Completed 200 OK in 6ms (Views: 1.0ms)


Started GET "/" for 127.0.0.1 at 2014-10-27 21:01:00 +0200
Processing by ApplicationController#index as HTML
  Rendered text template (0.0ms)
Sent data x.pdf (1.3ms)
Completed 200 OK in 8ms (Views: 1.1ms)


Started GET "/" for 127.0.0.1 at 2014-10-27 21:01:09 +0200
Processing by ApplicationController#index as HTML
  Rendered text template (0.0ms)
Sent data x.pdf (1.0ms)
Completed 200 OK in 60ms (Views: 0.9ms)


Started GET "/" for 127.0.0.1 at 2014-10-27 21:02:39 +0200
Processing by ApplicationController#index as HTML
  Rendered text template (0.0ms)
Sent data x.pdf (1.1ms)
Completed 200 OK in 6ms (Views: 0.9ms)


Started GET "/" for 127.0.0.1 at 2014-10-27 21:02:52 +0200
Processing by ApplicationController#index as HTML
  Rendered text template (0.0ms)
Sent data x.pdf (1.0ms)
Completed 200 OK in 6ms (Views: 0.9ms)


Started GET "/" for 127.0.0.1 at 2014-10-27 21:02:56 +0200
Processing by ApplicationController#index as HTML
  Rendered text template (0.0ms)
Sent data x.pdf (1.0ms)
Completed 200 OK in 7ms (Views: 0.9ms)


Started GET "/" for 127.0.0.1 at 2014-10-27 21:04:39 +0200
Processing by ApplicationController#index as HTML
  Rendered text template (0.0ms)
Sent data x.pdf (1.1ms)
Completed 200 OK in 58ms (Views: 0.9ms)


Started GET "/" for 127.0.0.1 at 2014-10-27 21:05:00 +0200
Processing by ApplicationController#index as HTML
Completed 500 Internal Server Error in 2ms

ArgumentError (:at is no longer a valid option with text.use draw_text or text_box instead):
  app/controllers/application_controller.rb:17:in `index'


  Rendered /Users/ahmed/.rvm/gems/ruby-1.9.3-p392/gems/actionpack-4.1.6/lib/action_dispatch/middleware/templates/rescues/_source.erb (1.2ms)
  Rendered /Users/ahmed/.rvm/gems/ruby-1.9.3-p392/gems/actionpack-4.1.6/lib/action_dispatch/middleware/templates/rescues/_trace.html.erb (1.8ms)
  Rendered /Users/ahmed/.rvm/gems/ruby-1.9.3-p392/gems/actionpack-4.1.6/lib/action_dispatch/middleware/templates/rescues/_request_and_response.html.erb (1.3ms)
  Rendered /Users/ahmed/.rvm/gems/ruby-1.9.3-p392/gems/actionpack-4.1.6/lib/action_dispatch/middleware/templates/rescues/diagnostics.erb within rescues/layout (26.1ms)


Started GET "/" for 127.0.0.1 at 2014-10-27 21:05:12 +0200
Processing by ApplicationController#index as HTML
Completed 500 Internal Server Error in 2ms

ArgumentError (:at is no longer a valid option with text.use draw_text or text_box instead):
  app/controllers/application_controller.rb:17:in `index'


  Rendered /Users/ahmed/.rvm/gems/ruby-1.9.3-p392/gems/actionpack-4.1.6/lib/action_dispatch/middleware/templates/rescues/_source.erb (1.2ms)
  Rendered /Users/ahmed/.rvm/gems/ruby-1.9.3-p392/gems/actionpack-4.1.6/lib/action_dispatch/middleware/templates/rescues/_trace.html.erb (1.8ms)
  Rendered /Users/ahmed/.rvm/gems/ruby-1.9.3-p392/gems/actionpack-4.1.6/lib/action_dispatch/middleware/templates/rescues/_request_and_response.html.erb (1.4ms)
  Rendered /Users/ahmed/.rvm/gems/ruby-1.9.3-p392/gems/actionpack-4.1.6/lib/action_dispatch/middleware/templates/rescues/diagnostics.erb within rescues/layout (34.7ms)


Started GET "/" for 127.0.0.1 at 2014-10-27 21:05:19 +0200
Processing by ApplicationController#index as HTML
Completed 500 Internal Server Error in 4ms

ArgumentError (:at is no longer a valid option with text.use draw_text or text_box instead):
  app/controllers/application_controller.rb:17:in `index'


  Rendered /Users/ahmed/.rvm/gems/ruby-1.9.3-p392/gems/actionpack-4.1.6/lib/action_dispatch/middleware/templates/rescues/_source.erb (1.1ms)
  Rendered /Users/ahmed/.rvm/gems/ruby-1.9.3-p392/gems/actionpack-4.1.6/lib/action_dispatch/middleware/templates/rescues/_trace.html.erb (1.7ms)
  Rendered /Users/ahmed/.rvm/gems/ruby-1.9.3-p392/gems/actionpack-4.1.6/lib/action_dispatch/middleware/templates/rescues/_request_and_response.html.erb (1.4ms)
  Rendered /Users/ahmed/.rvm/gems/ruby-1.9.3-p392/gems/actionpack-4.1.6/lib/action_dispatch/middleware/templates/rescues/diagnostics.erb within rescues/layout (25.8ms)


Started GET "/" for 127.0.0.1 at 2014-10-27 21:05:33 +0200
Processing by ApplicationController#index as HTML
  Rendered text template (0.0ms)
Sent data x.pdf (1.0ms)
Completed 200 OK in 6ms (Views: 0.9ms)


Started GET "/" for 127.0.0.1 at 2014-10-27 21:06:22 +0200
Processing by ApplicationController#index as HTML
  Rendered text template (0.0ms)
Sent data x.pdf (1.2ms)
Completed 200 OK in 8ms (Views: 1.0ms)


Started GET "/" for 127.0.0.1 at 2014-10-27 21:06:29 +0200
Processing by ApplicationController#index as HTML
  Rendered text template (0.0ms)
Sent data x.pdf (1.0ms)
Completed 200 OK in 5ms (Views: 0.9ms)


Started GET "/" for 127.0.0.1 at 2014-10-27 21:06:37 +0200
Processing by ApplicationController#index as HTML
  Rendered text template (0.0ms)
Sent data x.pdf (3.6ms)
Completed 200 OK in 8ms (Views: 3.3ms)


Started GET "/" for 127.0.0.1 at 2014-10-27 21:06:45 +0200
Processing by ApplicationController#index as HTML
  Rendered text template (0.0ms)
Sent data x.pdf (1.0ms)
Completed 200 OK in 5ms (Views: 0.9ms)


Started GET "/" for 127.0.0.1 at 2014-10-27 21:06:52 +0200
Processing by ApplicationController#index as HTML
  Rendered text template (0.0ms)
Sent data x.pdf (1.0ms)
Completed 200 OK in 6ms (Views: 0.9ms)


Started GET "/" for 127.0.0.1 at 2014-10-27 21:07:07 +0200
Processing by ApplicationController#index as HTML
  Rendered text template (0.0ms)
Sent data x.pdf (1.7ms)
Completed 200 OK in 64ms (Views: 1.5ms)


Started GET "/" for 127.0.0.1 at 2014-10-27 21:07:15 +0200
Processing by ApplicationController#index as HTML
  Rendered text template (0.0ms)
Sent data x.pdf (1.1ms)
Completed 200 OK in 6ms (Views: 1.0ms)


Started GET "/" for 127.0.0.1 at 2014-10-27 21:07:37 +0200
Processing by ApplicationController#index as HTML
  Rendered text template (0.0ms)
Sent data x.pdf (1.3ms)
Completed 200 OK in 7ms (Views: 1.1ms)


Started GET "/" for 127.0.0.1 at 2014-10-27 21:07:45 +0200
Processing by ApplicationController#index as HTML
  Rendered text template (0.0ms)
Sent data x.pdf (1.0ms)
Completed 200 OK in 7ms (Views: 0.9ms)


Started GET "/" for 127.0.0.1 at 2014-10-27 21:08:09 +0200
Processing by ApplicationController#index as HTML
  Rendered text template (0.0ms)
Sent data x.pdf (1.3ms)
Completed 200 OK in 71ms (Views: 0.9ms)


Started GET "/" for 127.0.0.1 at 2014-10-27 21:08:15 +0200
Processing by ApplicationController#index as HTML
  Rendered text template (0.0ms)
Sent data x.pdf (1.1ms)
Completed 200 OK in 6ms (Views: 0.9ms)


Started GET "/" for 127.0.0.1 at 2014-10-27 21:08:34 +0200
Processing by ApplicationController#index as HTML
  Rendered text template (0.0ms)
Sent data x.pdf (1.4ms)
Completed 200 OK in 8ms (Views: 1.3ms)


Started GET "/" for 127.0.0.1 at 2014-10-27 21:08:41 +0200

SyntaxError (/Users/ahmed/github/triptab/triptab/app/controllers/application_controller.rb:17: syntax error, unexpected tINTEGER
    pdf.text "My Beautiful Background.", :position => [50. 10]
                                                             ^):
  app/controllers/application_controller.rb:17: syntax error, unexpected tINTEGER


  Rendered /Users/ahmed/.rvm/gems/ruby-1.9.3-p392/gems/actionpack-4.1.6/lib/action_dispatch/middleware/templates/rescues/_source.erb (1.5ms)
  Rendered /Users/ahmed/.rvm/gems/ruby-1.9.3-p392/gems/actionpack-4.1.6/lib/action_dispatch/middleware/templates/rescues/_trace.html.erb (1.8ms)
  Rendered /Users/ahmed/.rvm/gems/ruby-1.9.3-p392/gems/actionpack-4.1.6/lib/action_dispatch/middleware/templates/rescues/_request_and_response.html.erb (1.8ms)
  Rendered /Users/ahmed/.rvm/gems/ruby-1.9.3-p392/gems/actionpack-4.1.6/lib/action_dispatch/middleware/templates/rescues/diagnostics.erb within rescues/layout (28.0ms)


Started GET "/" for 127.0.0.1 at 2014-10-27 21:08:44 +0200
Processing by ApplicationController#index as HTML
  Rendered text template (0.0ms)
Sent data x.pdf (1.1ms)
Completed 200 OK in 7ms (Views: 0.9ms)


Started GET "/" for 127.0.0.1 at 2014-10-27 21:08:53 +0200
Processing by ApplicationController#index as HTML
  Rendered text template (0.0ms)
Sent data x.pdf (1.3ms)
Completed 200 OK in 6ms (Views: 1.1ms)


Started GET "/" for 127.0.0.1 at 2014-10-27 21:09:34 +0200
Processing by ApplicationController#index as HTML
  Rendered text template (0.0ms)
Sent data x.pdf (1.1ms)
Completed 200 OK in 8ms (Views: 0.9ms)


Started GET "/" for 127.0.0.1 at 2014-10-27 21:09:38 +0200
Processing by ApplicationController#index as HTML
  Rendered text template (0.0ms)
Sent data x.pdf (1.2ms)
Completed 200 OK in 7ms (Views: 1.0ms)


Started GET "/" for 127.0.0.1 at 2014-10-27 21:09:56 +0200
Processing by ApplicationController#index as HTML
  Rendered text template (0.0ms)
Sent data x.pdf (1.7ms)
Completed 200 OK in 69ms (Views: 1.5ms)


Started GET "/" for 127.0.0.1 at 2014-10-27 21:10:17 +0200
Processing by ApplicationController#index as HTML
  Rendered text template (0.0ms)
Sent data x.pdf (1.4ms)
Completed 200 OK in 7ms (Views: 1.2ms)


Started GET "/" for 127.0.0.1 at 2014-10-27 21:10:23 +0200
Processing by ApplicationController#index as HTML
  Rendered text template (0.0ms)
Sent data x.pdf (1.4ms)
Completed 200 OK in 7ms (Views: 1.3ms)


Started GET "/" for 127.0.0.1 at 2014-10-27 21:10:26 +0200
Processing by ApplicationController#index as HTML
  Rendered text template (0.0ms)
Sent data x.pdf (1.2ms)
Completed 200 OK in 7ms (Views: 1.0ms)


Started GET "/" for 127.0.0.1 at 2014-10-27 21:11:24 +0200
Processing by ApplicationController#index as HTML
Completed 500 Internal Server Error in 64ms

NoMethodError (undefined method `move_down' for #<ApplicationController:0x000001032466d0>):
  app/controllers/application_controller.rb:17:in `index'


  Rendered /Users/ahmed/.rvm/gems/ruby-1.9.3-p392/gems/actionpack-4.1.6/lib/action_dispatch/middleware/templates/rescues/_source.erb (1.1ms)
  Rendered /Users/ahmed/.rvm/gems/ruby-1.9.3-p392/gems/actionpack-4.1.6/lib/action_dispatch/middleware/templates/rescues/_trace.html.erb (2.1ms)
  Rendered /Users/ahmed/.rvm/gems/ruby-1.9.3-p392/gems/actionpack-4.1.6/lib/action_dispatch/middleware/templates/rescues/_request_and_response.html.erb (1.4ms)
  Rendered /Users/ahmed/.rvm/gems/ruby-1.9.3-p392/gems/actionpack-4.1.6/lib/action_dispatch/middleware/templates/rescues/diagnostics.erb within rescues/layout (27.8ms)


Started GET "/" for 127.0.0.1 at 2014-10-27 21:11:30 +0200
Processing by ApplicationController#index as HTML
  Rendered text template (0.0ms)
Sent data x.pdf (1.1ms)
Completed 200 OK in 7ms (Views: 1.0ms)


Started GET "/" for 127.0.0.1 at 2014-10-27 21:11:45 +0200
Processing by ApplicationController#index as HTML
  Rendered text template (0.0ms)
Sent data x.pdf (1.2ms)
Completed 200 OK in 9ms (Views: 1.1ms)


Started GET "/" for 127.0.0.1 at 2014-10-27 21:11:55 +0200
Processing by ApplicationController#index as HTML
  Rendered text template (0.0ms)
Sent data x.pdf (1.4ms)
Completed 200 OK in 64ms (Views: 1.2ms)


Started GET "/" for 127.0.0.1 at 2014-10-27 21:11:58 +0200
Processing by ApplicationController#index as HTML
  Rendered text template (0.0ms)
Sent data x.pdf (1.3ms)
Completed 200 OK in 7ms (Views: 1.1ms)


Started GET "/" for 127.0.0.1 at 2014-10-27 21:12:02 +0200
Processing by ApplicationController#index as HTML
  Rendered text template (0.0ms)
Sent data x.pdf (1.0ms)
Completed 200 OK in 7ms (Views: 0.9ms)


Started GET "/" for 127.0.0.1 at 2014-10-27 21:12:06 +0200
Processing by ApplicationController#index as HTML
  Rendered text template (0.0ms)
Sent data x.pdf (1.1ms)
Completed 200 OK in 7ms (Views: 0.9ms)


Started GET "/" for 127.0.0.1 at 2014-10-27 21:12:09 +0200
Processing by ApplicationController#index as HTML
  Rendered text template (0.0ms)
Sent data x.pdf (1.5ms)
Completed 200 OK in 62ms (Views: 1.3ms)


Started GET "/" for 127.0.0.1 at 2014-10-27 21:12:14 +0200
Processing by ApplicationController#index as HTML
  Rendered text template (0.0ms)
Sent data x.pdf (1.2ms)
Completed 200 OK in 6ms (Views: 1.0ms)


Started GET "/" for 127.0.0.1 at 2014-10-27 21:12:18 +0200
Processing by ApplicationController#index as HTML
  Rendered text template (0.0ms)
Sent data x.pdf (1.1ms)
Completed 200 OK in 8ms (Views: 1.0ms)


Started GET "/" for 127.0.0.1 at 2014-10-27 21:13:24 +0200
Processing by ApplicationController#index as HTML
  Rendered text template (0.0ms)
Sent data x.pdf (1.1ms)
Completed 200 OK in 23ms (Views: 1.0ms)


Started GET "/" for 127.0.0.1 at 2014-10-27 21:14:17 +0200
Processing by ApplicationController#index as HTML
  Rendered text template (0.0ms)
Sent data x.pdf (1.0ms)
Completed 200 OK in 6ms (Views: 0.9ms)


Started GET "/" for 127.0.0.1 at 2014-10-27 21:14:24 +0200
Processing by ApplicationController#index as HTML
  Rendered text template (0.0ms)
Sent data x.pdf (1.1ms)
Completed 200 OK in 6ms (Views: 1.0ms)


Started GET "/" for 127.0.0.1 at 2014-10-27 21:14:28 +0200
Processing by ApplicationController#index as HTML
  Rendered text template (0.0ms)
Sent data x.pdf (1.2ms)
Completed 200 OK in 8ms (Views: 1.1ms)


Started GET "/" for 127.0.0.1 at 2014-10-27 21:14:57 +0200
Processing by ApplicationController#index as HTML
  Rendered text template (0.0ms)
Sent data x.pdf (1.0ms)
Completed 200 OK in 7ms (Views: 0.9ms)


Started GET "/" for 127.0.0.1 at 2014-10-27 21:15:37 +0200
Processing by ApplicationController#index as HTML
  Rendered text template (0.0ms)
Sent data x.pdf (1.4ms)
Completed 200 OK in 7ms (Views: 1.2ms)


Started GET "/" for 127.0.0.1 at 2014-10-27 21:15:45 +0200
Processing by ApplicationController#index as HTML
  Rendered text template (0.0ms)
Sent data x.pdf (1.2ms)
Completed 200 OK in 6ms (Views: 1.1ms)


Started GET "/" for 127.0.0.1 at 2014-10-27 21:15:48 +0200
Processing by ApplicationController#index as HTML
  Rendered text template (0.0ms)
Sent data x.pdf (1.2ms)
Completed 200 OK in 8ms (Views: 1.1ms)


Started GET "/" for 127.0.0.1 at 2014-10-27 21:15:55 +0200
Processing by ApplicationController#index as HTML
  Rendered text template (0.0ms)
Sent data x.pdf (1.0ms)
Completed 200 OK in 61ms (Views: 0.9ms)


Started GET "/" for 127.0.0.1 at 2014-10-27 21:16:00 +0200
Processing by ApplicationController#index as HTML
  Rendered text template (0.0ms)
Sent data x.pdf (1.2ms)
Completed 200 OK in 6ms (Views: 1.1ms)


Started GET "/" for 127.0.0.1 at 2014-10-27 21:16:13 +0200
Processing by ApplicationController#index as HTML
  Rendered text template (0.0ms)
Sent data x.pdf (1.0ms)
Completed 200 OK in 6ms (Views: 0.9ms)


Started GET "/" for 127.0.0.1 at 2014-10-27 21:16:16 +0200
Processing by ApplicationController#index as HTML
  Rendered text template (0.0ms)
Sent data x.pdf (1.3ms)
Completed 200 OK in 7ms (Views: 1.1ms)


Started GET "/" for 127.0.0.1 at 2014-10-27 21:16:32 +0200
Processing by ApplicationController#index as HTML
  Rendered text template (0.0ms)
Sent data x.pdf (1.7ms)
Completed 200 OK in 8ms (Views: 1.5ms)


Started GET "/" for 127.0.0.1 at 2014-10-27 21:17:09 +0200
Processing by ApplicationController#index as HTML
Completed 500 Internal Server Error in 39ms

NoMethodError (undefined method `font_color' for #<Prawn::Document:0x00000102302d68>):
  app/controllers/application_controller.rb:20:in `index'


  Rendered /Users/ahmed/.rvm/gems/ruby-1.9.3-p392/gems/actionpack-4.1.6/lib/action_dispatch/middleware/templates/rescues/_source.erb (1.9ms)
  Rendered /Users/ahmed/.rvm/gems/ruby-1.9.3-p392/gems/actionpack-4.1.6/lib/action_dispatch/middleware/templates/rescues/_trace.html.erb (1.8ms)
  Rendered /Users/ahmed/.rvm/gems/ruby-1.9.3-p392/gems/actionpack-4.1.6/lib/action_dispatch/middleware/templates/rescues/_request_and_response.html.erb (1.4ms)
  Rendered /Users/ahmed/.rvm/gems/ruby-1.9.3-p392/gems/actionpack-4.1.6/lib/action_dispatch/middleware/templates/rescues/diagnostics.erb within rescues/layout (88.2ms)


Started GET "/" for 127.0.0.1 at 2014-10-27 21:17:54 +0200
Processing by ApplicationController#index as HTML
  Rendered text template (0.0ms)
Sent data x.pdf (1.0ms)
Completed 200 OK in 6ms (Views: 0.9ms)


Started GET "/" for 127.0.0.1 at 2014-10-27 21:18:37 +0200
Processing by ApplicationController#index as HTML
  Rendered text template (0.0ms)
Sent data x.pdf (1.3ms)
Completed 200 OK in 8ms (Views: 1.1ms)


Started GET "/" for 127.0.0.1 at 2014-10-27 21:18:55 +0200
Processing by ApplicationController#index as HTML
  Rendered text template (0.0ms)
Sent data x.pdf (1.5ms)
Completed 200 OK in 8ms (Views: 1.3ms)


Started GET "/" for 127.0.0.1 at 2014-10-27 21:19:06 +0200
Processing by ApplicationController#index as HTML
  Rendered text template (0.0ms)
Sent data x.pdf (1.0ms)
Completed 200 OK in 7ms (Views: 0.9ms)


Started GET "/" for 127.0.0.1 at 2014-10-27 21:19:17 +0200
Processing by ApplicationController#index as HTML
  Rendered text template (0.0ms)
Sent data x.pdf (1.5ms)
Completed 200 OK in 71ms (Views: 1.4ms)


Started GET "/" for 127.0.0.1 at 2014-10-27 21:19:22 +0200
Processing by ApplicationController#index as HTML
  Rendered text template (0.0ms)
Sent data x.pdf (1.1ms)
Completed 200 OK in 7ms (Views: 1.0ms)


Started GET "/" for 127.0.0.1 at 2014-10-27 21:19:27 +0200
Processing by ApplicationController#index as HTML
  Rendered text template (0.0ms)
Sent data x.pdf (1.1ms)
Completed 200 OK in 7ms (Views: 0.9ms)


Started GET "/" for 127.0.0.1 at 2014-10-27 21:19:45 +0200
Processing by ApplicationController#index as HTML
Completed 500 Internal Server Error in 4ms

ArgumentError (wrong number of arguments supplied):
  app/controllers/application_controller.rb:25:in `index'


  Rendered /Users/ahmed/.rvm/gems/ruby-1.9.3-p392/gems/actionpack-4.1.6/lib/action_dispatch/middleware/templates/rescues/_source.erb (1.1ms)
  Rendered /Users/ahmed/.rvm/gems/ruby-1.9.3-p392/gems/actionpack-4.1.6/lib/action_dispatch/middleware/templates/rescues/_trace.html.erb (2.2ms)
  Rendered /Users/ahmed/.rvm/gems/ruby-1.9.3-p392/gems/actionpack-4.1.6/lib/action_dispatch/middleware/templates/rescues/_request_and_response.html.erb (1.4ms)
  Rendered /Users/ahmed/.rvm/gems/ruby-1.9.3-p392/gems/actionpack-4.1.6/lib/action_dispatch/middleware/templates/rescues/diagnostics.erb within rescues/layout (25.1ms)


Started GET "/" for 127.0.0.1 at 2014-10-27 21:19:54 +0200
Processing by ApplicationController#index as HTML
Completed 500 Internal Server Error in 5ms

ArgumentError (wrong number of arguments supplied):
  app/controllers/application_controller.rb:25:in `index'


  Rendered /Users/ahmed/.rvm/gems/ruby-1.9.3-p392/gems/actionpack-4.1.6/lib/action_dispatch/middleware/templates/rescues/_source.erb (1.9ms)
  Rendered /Users/ahmed/.rvm/gems/ruby-1.9.3-p392/gems/actionpack-4.1.6/lib/action_dispatch/middleware/templates/rescues/_trace.html.erb (2.0ms)
  Rendered /Users/ahmed/.rvm/gems/ruby-1.9.3-p392/gems/actionpack-4.1.6/lib/action_dispatch/middleware/templates/rescues/_request_and_response.html.erb (1.4ms)
  Rendered /Users/ahmed/.rvm/gems/ruby-1.9.3-p392/gems/actionpack-4.1.6/lib/action_dispatch/middleware/templates/rescues/diagnostics.erb within rescues/layout (173.9ms)


Started GET "/" for 127.0.0.1 at 2014-10-27 21:20:02 +0200
Processing by ApplicationController#index as HTML
  Rendered text template (0.0ms)
Sent data x.pdf (1.4ms)
Completed 200 OK in 10ms (Views: 1.2ms)


Started GET "/" for 127.0.0.1 at 2014-10-27 21:20:10 +0200
Processing by ApplicationController#index as HTML
  Rendered text template (0.1ms)
Sent data x.pdf (11.8ms)
Completed 200 OK in 20ms (Views: 11.6ms)


Started GET "/" for 127.0.0.1 at 2014-10-27 21:20:21 +0200
Processing by ApplicationController#index as HTML
  Rendered text template (0.0ms)
Sent data x.pdf (1.4ms)
Completed 200 OK in 12ms (Views: 1.1ms)


Started GET "/" for 127.0.0.1 at 2014-10-27 21:20:31 +0200
Processing by ApplicationController#index as HTML
  Rendered text template (0.0ms)
Sent data x.pdf (1.4ms)
Completed 200 OK in 64ms (Views: 1.3ms)


Started GET "/" for 127.0.0.1 at 2014-10-27 21:20:41 +0200
Processing by ApplicationController#index as HTML
  Rendered text template (0.0ms)
Sent data x.pdf (1.0ms)
Completed 200 OK in 8ms (Views: 0.9ms)


Started GET "/" for 127.0.0.1 at 2014-10-27 21:20:48 +0200
Processing by ApplicationController#index as HTML
  Rendered text template (0.0ms)
Sent data x.pdf (1.2ms)
Completed 200 OK in 7ms (Views: 1.0ms)


Started GET "/" for 127.0.0.1 at 2014-10-27 21:21:42 +0200
Processing by ApplicationController#index as HTML
  Rendered text template (0.0ms)
Sent data x.pdf (1.3ms)
Completed 200 OK in 15ms (Views: 1.1ms)


Started GET "/" for 127.0.0.1 at 2014-10-27 21:22:13 +0200

SyntaxError (/Users/ahmed/github/triptab/triptab/app/controllers/application_controller.rb:29: syntax error, unexpected tIDENTIFIER, expecting keyword_do or '{' or '('
    send_data pdf.render, :filename => "x.pdf"...
                 ^
/Users/ahmed/github/triptab/triptab/app/controllers/application_controller.rb:29: syntax error, unexpected tASSOC, expecting tCOLON2 or '[' or '.'
...d_data pdf.render, :filename => "x.pdf", :type => "applicati...
...                               ^
/Users/ahmed/github/triptab/triptab/app/controllers/application_controller.rb:29: syntax error, unexpected ',', expecting keyword_end
...f.render, :filename => "x.pdf", :type => "application/pdf", ...
...                               ^
/Users/ahmed/github/triptab/triptab/app/controllers/application_controller.rb:29: syntax error, unexpected ',', expecting keyword_end
...f", :type => "application/pdf", :disposition => 'inline'
...                               ^):
  app/controllers/application_controller.rb:29: syntax error, unexpected tIDENTIFIER, expecting keyword_do or '{' or '('
  app/controllers/application_controller.rb:29: syntax error, unexpected tASSOC, expecting tCOLON2 or '[' or '.'
  app/controllers/application_controller.rb:29: syntax error, unexpected ',', expecting keyword_end
  app/controllers/application_controller.rb:29: syntax error, unexpected ',', expecting keyword_end


  Rendered /Users/ahmed/.rvm/gems/ruby-1.9.3-p392/gems/actionpack-4.1.6/lib/action_dispatch/middleware/templates/rescues/_source.erb (1.1ms)
  Rendered /Users/ahmed/.rvm/gems/ruby-1.9.3-p392/gems/actionpack-4.1.6/lib/action_dispatch/middleware/templates/rescues/_trace.html.erb (1.9ms)
  Rendered /Users/ahmed/.rvm/gems/ruby-1.9.3-p392/gems/actionpack-4.1.6/lib/action_dispatch/middleware/templates/rescues/_request_and_response.html.erb (1.8ms)
  Rendered /Users/ahmed/.rvm/gems/ruby-1.9.3-p392/gems/actionpack-4.1.6/lib/action_dispatch/middleware/templates/rescues/diagnostics.erb within rescues/layout (27.2ms)


Started GET "/" for 127.0.0.1 at 2014-10-27 21:22:45 +0200

SyntaxError (/Users/ahmed/github/triptab/triptab/app/controllers/application_controller.rb:29: syntax error, unexpected tIDENTIFIER, expecting keyword_do or '{' or '('
    send_data pdf.render, :filename => "x.pdf"...
                 ^
/Users/ahmed/github/triptab/triptab/app/controllers/application_controller.rb:29: syntax error, unexpected tASSOC, expecting tCOLON2 or '[' or '.'
...d_data pdf.render, :filename => "x.pdf", :type => "applicati...
...                               ^
/Users/ahmed/github/triptab/triptab/app/controllers/application_controller.rb:29: syntax error, unexpected ',', expecting keyword_end
...f.render, :filename => "x.pdf", :type => "application/pdf", ...
...                               ^
/Users/ahmed/github/triptab/triptab/app/controllers/application_controller.rb:29: syntax error, unexpected ',', expecting keyword_end
...f", :type => "application/pdf", :disposition => 'inline'
...                               ^):
  app/controllers/application_controller.rb:29: syntax error, unexpected tIDENTIFIER, expecting keyword_do or '{' or '('
  app/controllers/application_controller.rb:29: syntax error, unexpected tASSOC, expecting tCOLON2 or '[' or '.'
  app/controllers/application_controller.rb:29: syntax error, unexpected ',', expecting keyword_end
  app/controllers/application_controller.rb:29: syntax error, unexpected ',', expecting keyword_end


  Rendered /Users/ahmed/.rvm/gems/ruby-1.9.3-p392/gems/actionpack-4.1.6/lib/action_dispatch/middleware/templates/rescues/_source.erb (1.1ms)
  Rendered /Users/ahmed/.rvm/gems/ruby-1.9.3-p392/gems/actionpack-4.1.6/lib/action_dispatch/middleware/templates/rescues/_trace.html.erb (12.8ms)
  Rendered /Users/ahmed/.rvm/gems/ruby-1.9.3-p392/gems/actionpack-4.1.6/lib/action_dispatch/middleware/templates/rescues/_request_and_response.html.erb (1.7ms)
  Rendered /Users/ahmed/.rvm/gems/ruby-1.9.3-p392/gems/actionpack-4.1.6/lib/action_dispatch/middleware/templates/rescues/diagnostics.erb within rescues/layout (39.5ms)


Started GET "/" for 127.0.0.1 at 2014-10-27 21:22:54 +0200
Processing by ApplicationController#index as HTML
Completed 500 Internal Server Error in 3ms

Prawn::Errors::UnknownFont ( is not a known font.):
  app/controllers/application_controller.rb:18:in `index'


  Rendered /Users/ahmed/.rvm/gems/ruby-1.9.3-p392/gems/actionpack-4.1.6/lib/action_dispatch/middleware/templates/rescues/_source.erb (1.1ms)
  Rendered /Users/ahmed/.rvm/gems/ruby-1.9.3-p392/gems/actionpack-4.1.6/lib/action_dispatch/middleware/templates/rescues/_trace.html.erb (22.1ms)
  Rendered /Users/ahmed/.rvm/gems/ruby-1.9.3-p392/gems/actionpack-4.1.6/lib/action_dispatch/middleware/templates/rescues/_request_and_response.html.erb (9.4ms)
  Rendered /Users/ahmed/.rvm/gems/ruby-1.9.3-p392/gems/actionpack-4.1.6/lib/action_dispatch/middleware/templates/rescues/diagnostics.erb within rescues/layout (114.7ms)


Started GET "/" for 127.0.0.1 at 2014-10-27 21:23:07 +0200
Processing by ApplicationController#index as HTML
  Rendered text template (0.0ms)
Sent data x.pdf (1.2ms)
Completed 200 OK in 7ms (Views: 1.0ms)


Started GET "/" for 127.0.0.1 at 2014-10-27 21:23:11 +0200
Processing by ApplicationController#index as HTML
Completed 500 Internal Server Error in 2ms

Prawn::Errors::UnknownFont ( is not a known font.):
  app/controllers/application_controller.rb:18:in `index'


  Rendered /Users/ahmed/.rvm/gems/ruby-1.9.3-p392/gems/actionpack-4.1.6/lib/action_dispatch/middleware/templates/rescues/_source.erb (1.2ms)
  Rendered /Users/ahmed/.rvm/gems/ruby-1.9.3-p392/gems/actionpack-4.1.6/lib/action_dispatch/middleware/templates/rescues/_trace.html.erb (1.9ms)
  Rendered /Users/ahmed/.rvm/gems/ruby-1.9.3-p392/gems/actionpack-4.1.6/lib/action_dispatch/middleware/templates/rescues/_request_and_response.html.erb (1.4ms)
  Rendered /Users/ahmed/.rvm/gems/ruby-1.9.3-p392/gems/actionpack-4.1.6/lib/action_dispatch/middleware/templates/rescues/diagnostics.erb within rescues/layout (31.0ms)


Started GET "/" for 127.0.0.1 at 2014-10-27 21:23:26 +0200

SyntaxError (/Users/ahmed/github/triptab/triptab/app/controllers/application_controller.rb:18: syntax error, unexpected ','
    pdf.font "Helvetica",, :style => :blod
                          ^):
  app/controllers/application_controller.rb:18: syntax error, unexpected ','


  Rendered /Users/ahmed/.rvm/gems/ruby-1.9.3-p392/gems/actionpack-4.1.6/lib/action_dispatch/middleware/templates/rescues/_source.erb (1.1ms)
  Rendered /Users/ahmed/.rvm/gems/ruby-1.9.3-p392/gems/actionpack-4.1.6/lib/action_dispatch/middleware/templates/rescues/_trace.html.erb (1.8ms)
  Rendered /Users/ahmed/.rvm/gems/ruby-1.9.3-p392/gems/actionpack-4.1.6/lib/action_dispatch/middleware/templates/rescues/_request_and_response.html.erb (2.0ms)
  Rendered /Users/ahmed/.rvm/gems/ruby-1.9.3-p392/gems/actionpack-4.1.6/lib/action_dispatch/middleware/templates/rescues/diagnostics.erb within rescues/layout (26.3ms)


Started GET "/" for 127.0.0.1 at 2014-10-27 21:23:31 +0200
Processing by ApplicationController#index as HTML
Completed 500 Internal Server Error in 2ms

Prawn::Errors::UnknownFont ( is not a known font.):
  app/controllers/application_controller.rb:18:in `index'


  Rendered /Users/ahmed/.rvm/gems/ruby-1.9.3-p392/gems/actionpack-4.1.6/lib/action_dispatch/middleware/templates/rescues/_source.erb (8.1ms)
  Rendered /Users/ahmed/.rvm/gems/ruby-1.9.3-p392/gems/actionpack-4.1.6/lib/action_dispatch/middleware/templates/rescues/_trace.html.erb (1.8ms)
  Rendered /Users/ahmed/.rvm/gems/ruby-1.9.3-p392/gems/actionpack-4.1.6/lib/action_dispatch/middleware/templates/rescues/_request_and_response.html.erb (16.0ms)
  Rendered /Users/ahmed/.rvm/gems/ruby-1.9.3-p392/gems/actionpack-4.1.6/lib/action_dispatch/middleware/templates/rescues/diagnostics.erb within rescues/layout (59.5ms)


Started GET "/" for 127.0.0.1 at 2014-10-27 21:23:34 +0200
Processing by ApplicationController#index as HTML
Completed 500 Internal Server Error in 5ms

Prawn::Errors::UnknownFont ( is not a known font.):
  app/controllers/application_controller.rb:18:in `index'


  Rendered /Users/ahmed/.rvm/gems/ruby-1.9.3-p392/gems/actionpack-4.1.6/lib/action_dispatch/middleware/templates/rescues/_source.erb (1.2ms)
  Rendered /Users/ahmed/.rvm/gems/ruby-1.9.3-p392/gems/actionpack-4.1.6/lib/action_dispatch/middleware/templates/rescues/_trace.html.erb (1.8ms)
  Rendered /Users/ahmed/.rvm/gems/ruby-1.9.3-p392/gems/actionpack-4.1.6/lib/action_dispatch/middleware/templates/rescues/_request_and_response.html.erb (1.4ms)
  Rendered /Users/ahmed/.rvm/gems/ruby-1.9.3-p392/gems/actionpack-4.1.6/lib/action_dispatch/middleware/templates/rescues/diagnostics.erb within rescues/layout (41.4ms)


Started GET "/" for 127.0.0.1 at 2014-10-27 21:23:39 +0200
Processing by ApplicationController#index as HTML
  Rendered text template (0.0ms)
Sent data x.pdf (1.1ms)
Completed 200 OK in 8ms (Views: 1.0ms)


Started GET "/" for 127.0.0.1 at 2014-10-27 21:24:46 +0200
Processing by ApplicationController#index as HTML
Completed 500 Internal Server Error in 3ms

ArgumentError (:at is no longer a valid option with text.use draw_text or text_box instead):
  app/controllers/application_controller.rb:26:in `index'


  Rendered /Users/ahmed/.rvm/gems/ruby-1.9.3-p392/gems/actionpack-4.1.6/lib/action_dispatch/middleware/templates/rescues/_source.erb (1.1ms)
  Rendered /Users/ahmed/.rvm/gems/ruby-1.9.3-p392/gems/actionpack-4.1.6/lib/action_dispatch/middleware/templates/rescues/_trace.html.erb (59.6ms)
  Rendered /Users/ahmed/.rvm/gems/ruby-1.9.3-p392/gems/actionpack-4.1.6/lib/action_dispatch/middleware/templates/rescues/_request_and_response.html.erb (1.4ms)
  Rendered /Users/ahmed/.rvm/gems/ruby-1.9.3-p392/gems/actionpack-4.1.6/lib/action_dispatch/middleware/templates/rescues/diagnostics.erb within rescues/layout (83.5ms)


Started GET "/" for 127.0.0.1 at 2014-10-27 21:25:01 +0200
Processing by ApplicationController#index as HTML
  Rendered text template (0.0ms)
Sent data x.pdf (1.4ms)
Completed 200 OK in 9ms (Views: 1.2ms)


Started GET "/" for 127.0.0.1 at 2014-10-27 21:25:10 +0200

SyntaxError (/Users/ahmed/github/triptab/triptab/app/controllers/application_controller.rb:33: syntax error, unexpected tIDENTIFIER, expecting keyword_do or '{' or '('
    send_data pdf.render, :filename => "x.pdf"...
                 ^
/Users/ahmed/github/triptab/triptab/app/controllers/application_controller.rb:33: syntax error, unexpected tASSOC, expecting tCOLON2 or '[' or '.'
...d_data pdf.render, :filename => "x.pdf", :type => "applicati...
...                               ^
/Users/ahmed/github/triptab/triptab/app/controllers/application_controller.rb:33: syntax error, unexpected ',', expecting keyword_end
...f.render, :filename => "x.pdf", :type => "application/pdf", ...
...                               ^
/Users/ahmed/github/triptab/triptab/app/controllers/application_controller.rb:33: syntax error, unexpected ',', expecting keyword_end
...f", :type => "application/pdf", :disposition => 'inline'
...                               ^):
  app/controllers/application_controller.rb:33: syntax error, unexpected tIDENTIFIER, expecting keyword_do or '{' or '('
  app/controllers/application_controller.rb:33: syntax error, unexpected tASSOC, expecting tCOLON2 or '[' or '.'
  app/controllers/application_controller.rb:33: syntax error, unexpected ',', expecting keyword_end
  app/controllers/application_controller.rb:33: syntax error, unexpected ',', expecting keyword_end


  Rendered /Users/ahmed/.rvm/gems/ruby-1.9.3-p392/gems/actionpack-4.1.6/lib/action_dispatch/middleware/templates/rescues/_source.erb (1.1ms)
  Rendered /Users/ahmed/.rvm/gems/ruby-1.9.3-p392/gems/actionpack-4.1.6/lib/action_dispatch/middleware/templates/rescues/_trace.html.erb (1.8ms)
  Rendered /Users/ahmed/.rvm/gems/ruby-1.9.3-p392/gems/actionpack-4.1.6/lib/action_dispatch/middleware/templates/rescues/_request_and_response.html.erb (1.8ms)
  Rendered /Users/ahmed/.rvm/gems/ruby-1.9.3-p392/gems/actionpack-4.1.6/lib/action_dispatch/middleware/templates/rescues/diagnostics.erb within rescues/layout (29.9ms)


Started GET "/" for 127.0.0.1 at 2014-10-27 21:25:14 +0200
Processing by ApplicationController#index as HTML
  Rendered text template (0.0ms)
Sent data x.pdf (1.4ms)
Completed 200 OK in 8ms (Views: 1.3ms)


Started GET "/" for 127.0.0.1 at 2014-10-27 21:25:30 +0200

SyntaxError (/Users/ahmed/github/triptab/triptab/app/controllers/application_controller.rb:29: syntax error, unexpected tASSOC, expecting keyword_end
      :at => [0, -100]
            ^):
  app/controllers/application_controller.rb:29: syntax error, unexpected tASSOC, expecting keyword_end


  Rendered /Users/ahmed/.rvm/gems/ruby-1.9.3-p392/gems/actionpack-4.1.6/lib/action_dispatch/middleware/templates/rescues/_source.erb (1.2ms)
  Rendered /Users/ahmed/.rvm/gems/ruby-1.9.3-p392/gems/actionpack-4.1.6/lib/action_dispatch/middleware/templates/rescues/_trace.html.erb (1.7ms)
  Rendered /Users/ahmed/.rvm/gems/ruby-1.9.3-p392/gems/actionpack-4.1.6/lib/action_dispatch/middleware/templates/rescues/_request_and_response.html.erb (1.8ms)
  Rendered /Users/ahmed/.rvm/gems/ruby-1.9.3-p392/gems/actionpack-4.1.6/lib/action_dispatch/middleware/templates/rescues/diagnostics.erb within rescues/layout (25.7ms)


Started GET "/" for 127.0.0.1 at 2014-10-27 21:25:37 +0200
Processing by ApplicationController#index as HTML
  Rendered text template (0.0ms)
Sent data x.pdf (3.4ms)
Completed 200 OK in 90ms (Views: 3.2ms)


Started GET "/" for 127.0.0.1 at 2014-10-27 21:25:42 +0200
Processing by ApplicationController#index as HTML
  Rendered text template (0.0ms)
Sent data x.pdf (1.1ms)
Completed 200 OK in 7ms (Views: 1.0ms)


Started GET "/" for 127.0.0.1 at 2014-10-27 21:25:47 +0200
Processing by ApplicationController#index as HTML
  Rendered text template (0.0ms)
Sent data x.pdf (1.2ms)
Completed 200 OK in 8ms (Views: 1.1ms)


Started GET "/" for 127.0.0.1 at 2014-10-27 21:25:53 +0200
Processing by ApplicationController#index as HTML
  Rendered text template (0.0ms)
Sent data x.pdf (1.1ms)
Completed 200 OK in 8ms (Views: 0.9ms)


Started GET "/" for 127.0.0.1 at 2014-10-27 21:25:57 +0200
Processing by ApplicationController#index as HTML
  Rendered text template (0.0ms)
Sent data x.pdf (1.4ms)
Completed 200 OK in 76ms (Views: 1.1ms)


Started GET "/" for 127.0.0.1 at 2014-10-27 21:26:07 +0200
Processing by ApplicationController#index as HTML
  Rendered text template (0.0ms)
Sent data x.pdf (1.4ms)
Completed 200 OK in 8ms (Views: 1.2ms)


Started GET "/" for 127.0.0.1 at 2014-10-27 21:26:12 +0200
Processing by ApplicationController#index as HTML
  Rendered text template (0.0ms)
Sent data x.pdf (1.0ms)
Completed 200 OK in 7ms (Views: 0.9ms)


Started GET "/" for 127.0.0.1 at 2014-10-27 21:26:19 +0200
Processing by ApplicationController#index as HTML
  Rendered text template (0.0ms)
Sent data x.pdf (1.2ms)
Completed 200 OK in 8ms (Views: 1.1ms)


Started GET "/" for 127.0.0.1 at 2014-10-27 21:26:24 +0200
Processing by ApplicationController#index as HTML
  Rendered text template (0.0ms)
Sent data x.pdf (1.6ms)
Completed 200 OK in 82ms (Views: 1.5ms)


Started GET "/" for 127.0.0.1 at 2014-10-27 21:26:28 +0200
Processing by ApplicationController#index as HTML
  Rendered text template (0.0ms)
Sent data x.pdf (13.1ms)
Completed 200 OK in 20ms (Views: 1.3ms)


Started GET "/" for 127.0.0.1 at 2014-10-27 21:26:34 +0200
Processing by ApplicationController#index as HTML
  Rendered text template (0.0ms)
Sent data x.pdf (7.0ms)
Completed 200 OK in 21ms (Views: 1.7ms)


Started GET "/" for 127.0.0.1 at 2014-10-27 21:26:41 +0200
Processing by ApplicationController#index as HTML
  Rendered text template (0.0ms)
Sent data x.pdf (1.1ms)
Completed 200 OK in 9ms (Views: 0.9ms)


Started GET "/" for 127.0.0.1 at 2014-10-27 21:26:50 +0200
Processing by ApplicationController#index as HTML
  Rendered text template (0.0ms)
Sent data x.pdf (15.2ms)
Completed 200 OK in 88ms (Views: 15.1ms)


Started GET "/" for 127.0.0.1 at 2014-10-27 21:26:56 +0200
Processing by ApplicationController#index as HTML
  Rendered text template (0.0ms)
Sent data x.pdf (7.8ms)
Completed 200 OK in 15ms (Views: 7.6ms)


Started GET "/" for 127.0.0.1 at 2014-10-27 21:27:00 +0200
Processing by ApplicationController#index as HTML
  Rendered text template (0.0ms)
Sent data x.pdf (1.7ms)
Completed 200 OK in 8ms (Views: 1.6ms)


Started GET "/" for 127.0.0.1 at 2014-10-27 21:27:04 +0200
Processing by ApplicationController#index as HTML
  Rendered text template (0.0ms)
Sent data x.pdf (1.6ms)
Completed 200 OK in 9ms (Views: 1.4ms)


Started GET "/" for 127.0.0.1 at 2014-10-27 21:27:11 +0200
Processing by ApplicationController#index as HTML
  Rendered text template (0.0ms)
Sent data x.pdf (13.1ms)
Completed 200 OK in 73ms (Views: 12.9ms)


Started GET "/" for 127.0.0.1 at 2014-10-27 21:27:15 +0200
Processing by ApplicationController#index as HTML
  Rendered text template (0.0ms)
Sent data x.pdf (1.0ms)
Completed 200 OK in 7ms (Views: 0.9ms)


Started GET "/" for 127.0.0.1 at 2014-10-27 21:27:19 +0200
Processing by ApplicationController#index as HTML
  Rendered text template (0.0ms)
Sent data x.pdf (1.0ms)
Completed 200 OK in 19ms (Views: 0.9ms)


Started GET "/" for 127.0.0.1 at 2014-10-27 21:27:23 +0200
Processing by ApplicationController#index as HTML
  Rendered text template (0.0ms)
Sent data x.pdf (1.1ms)
Completed 200 OK in 43ms (Views: 0.9ms)


Started GET "/" for 127.0.0.1 at 2014-10-27 21:27:27 +0200
Processing by ApplicationController#index as HTML
  Rendered text template (0.0ms)
Sent data x.pdf (1.3ms)
Completed 200 OK in 8ms (Views: 1.1ms)


Started GET "/" for 127.0.0.1 at 2014-10-27 21:27:31 +0200
Processing by ApplicationController#index as HTML
  Rendered text template (0.0ms)
Sent data x.pdf (1.1ms)
Completed 200 OK in 7ms (Views: 0.9ms)


Started GET "/" for 127.0.0.1 at 2014-10-27 21:27:49 +0200
Processing by ApplicationController#index as HTML
  Rendered text template (0.0ms)
Sent data x.pdf (4.8ms)
Completed 200 OK in 27ms (Views: 4.6ms)


Started GET "/" for 127.0.0.1 at 2014-10-27 21:27:59 +0200
Processing by ApplicationController#index as HTML
  Rendered text template (0.0ms)
Sent data x.pdf (7.6ms)
Completed 200 OK in 21ms (Views: 4.8ms)


Started GET "/" for 127.0.0.1 at 2014-10-27 21:28:05 +0200
Processing by ApplicationController#index as HTML
  Rendered text template (0.0ms)
Sent data x.pdf (5.1ms)
Completed 200 OK in 15ms (Views: 5.0ms)


Started GET "/" for 127.0.0.1 at 2014-10-27 21:28:10 +0200
Processing by ApplicationController#index as HTML
  Rendered text template (0.0ms)
Sent data x.pdf (31.0ms)
Completed 200 OK in 38ms (Views: 0.9ms)


Started GET "/" for 127.0.0.1 at 2014-10-27 21:28:16 +0200
Processing by ApplicationController#index as HTML
  Rendered text template (0.0ms)
Sent data x.pdf (7.0ms)
Completed 200 OK in 20ms (Views: 6.8ms)


Started GET "/" for 127.0.0.1 at 2014-10-27 21:28:30 +0200

SyntaxError (/Users/ahmed/github/triptab/triptab/app/controllers/application_controller.rb:26: syntax error, unexpected ',', expecting keyword_end
/Users/ahmed/github/triptab/triptab/app/controllers/application_controller.rb:29: syntax error, unexpected ',', expecting keyword_end):
  app/controllers/application_controller.rb:26: syntax error, unexpected ',', expecting keyword_end
  app/controllers/application_controller.rb:29: syntax error, unexpected ',', expecting keyword_end


  Rendered /Users/ahmed/.rvm/gems/ruby-1.9.3-p392/gems/actionpack-4.1.6/lib/action_dispatch/middleware/templates/rescues/_source.erb (1.5ms)
  Rendered /Users/ahmed/.rvm/gems/ruby-1.9.3-p392/gems/actionpack-4.1.6/lib/action_dispatch/middleware/templates/rescues/_trace.html.erb (1.9ms)
  Rendered /Users/ahmed/.rvm/gems/ruby-1.9.3-p392/gems/actionpack-4.1.6/lib/action_dispatch/middleware/templates/rescues/_request_and_response.html.erb (1.7ms)
  Rendered /Users/ahmed/.rvm/gems/ruby-1.9.3-p392/gems/actionpack-4.1.6/lib/action_dispatch/middleware/templates/rescues/diagnostics.erb within rescues/layout (31.7ms)


Started GET "/" for 127.0.0.1 at 2014-10-27 21:28:34 +0200

SyntaxError (/Users/ahmed/github/triptab/triptab/app/controllers/application_controller.rb:33: syntax error, unexpected tIDENTIFIER, expecting keyword_do or '{' or '('
    send_data pdf.render, :filename => "x.pdf"...
                 ^
/Users/ahmed/github/triptab/triptab/app/controllers/application_controller.rb:33: syntax error, unexpected tASSOC, expecting tCOLON2 or '[' or '.'
...d_data pdf.render, :filename => "x.pdf", :type => "applicati...
...                               ^
/Users/ahmed/github/triptab/triptab/app/controllers/application_controller.rb:33: syntax error, unexpected ',', expecting keyword_end
...f.render, :filename => "x.pdf", :type => "application/pdf", ...
...                               ^
/Users/ahmed/github/triptab/triptab/app/controllers/application_controller.rb:33: syntax error, unexpected ',', expecting keyword_end
...f", :type => "application/pdf", :disposition => 'inline'
...                               ^):
  app/controllers/application_controller.rb:33: syntax error, unexpected tIDENTIFIER, expecting keyword_do or '{' or '('
  app/controllers/application_controller.rb:33: syntax error, unexpected tASSOC, expecting tCOLON2 or '[' or '.'
  app/controllers/application_controller.rb:33: syntax error, unexpected ',', expecting keyword_end
  app/controllers/application_controller.rb:33: syntax error, unexpected ',', expecting keyword_end


  Rendered /Users/ahmed/.rvm/gems/ruby-1.9.3-p392/gems/actionpack-4.1.6/lib/action_dispatch/middleware/templates/rescues/_source.erb (1.1ms)
  Rendered /Users/ahmed/.rvm/gems/ruby-1.9.3-p392/gems/actionpack-4.1.6/lib/action_dispatch/middleware/templates/rescues/_trace.html.erb (5.9ms)
  Rendered /Users/ahmed/.rvm/gems/ruby-1.9.3-p392/gems/actionpack-4.1.6/lib/action_dispatch/middleware/templates/rescues/_request_and_response.html.erb (1.7ms)
  Rendered /Users/ahmed/.rvm/gems/ruby-1.9.3-p392/gems/actionpack-4.1.6/lib/action_dispatch/middleware/templates/rescues/diagnostics.erb within rescues/layout (38.4ms)


Started GET "/" for 127.0.0.1 at 2014-10-27 21:28:41 +0200
Processing by ApplicationController#index as HTML
  Rendered text template (0.0ms)
Sent data x.pdf (2.0ms)
Completed 200 OK in 29ms (Views: 1.8ms)


Started GET "/" for 127.0.0.1 at 2014-10-27 21:28:50 +0200

SyntaxError (/Users/ahmed/github/triptab/triptab/app/controllers/application_controller.rb:30: syntax error, unexpected tASSOC, expecting keyword_end
      :color => "FFFFFF"
               ^):
  app/controllers/application_controller.rb:30: syntax error, unexpected tASSOC, expecting keyword_end


  Rendered /Users/ahmed/.rvm/gems/ruby-1.9.3-p392/gems/actionpack-4.1.6/lib/action_dispatch/middleware/templates/rescues/_source.erb (1.3ms)
  Rendered /Users/ahmed/.rvm/gems/ruby-1.9.3-p392/gems/actionpack-4.1.6/lib/action_dispatch/middleware/templates/rescues/_trace.html.erb (1.8ms)
  Rendered /Users/ahmed/.rvm/gems/ruby-1.9.3-p392/gems/actionpack-4.1.6/lib/action_dispatch/middleware/templates/rescues/_request_and_response.html.erb (2.0ms)
  Rendered /Users/ahmed/.rvm/gems/ruby-1.9.3-p392/gems/actionpack-4.1.6/lib/action_dispatch/middleware/templates/rescues/diagnostics.erb within rescues/layout (26.6ms)


Started GET "/" for 127.0.0.1 at 2014-10-27 21:28:54 +0200
Processing by ApplicationController#index as HTML
  Rendered text template (0.0ms)
Sent data x.pdf (1.4ms)
Completed 200 OK in 62ms (Views: 1.3ms)


Started GET "/" for 127.0.0.1 at 2014-10-27 21:29:52 +0200
Processing by ApplicationController#index as HTML
  Rendered text template (0.0ms)
Sent data x.pdf (1.1ms)
Completed 200 OK in 8ms (Views: 0.9ms)


Started GET "/" for 127.0.0.1 at 2014-10-27 21:30:12 +0200
Processing by ApplicationController#index as HTML
  Rendered text template (0.0ms)
Sent data x.pdf (1.3ms)
Completed 200 OK in 61ms (Views: 1.2ms)


Started GET "/" for 127.0.0.1 at 2014-10-27 21:30:42 +0200
Processing by ApplicationController#index as HTML
Completed 500 Internal Server Error in 36ms

NoMethodError (undefined method `fil_color' for #<Prawn::Document:0x000001023d11b8>):
  app/controllers/application_controller.rb:26:in `index'


  Rendered /Users/ahmed/.rvm/gems/ruby-1.9.3-p392/gems/actionpack-4.1.6/lib/action_dispatch/middleware/templates/rescues/_source.erb (1.2ms)
  Rendered /Users/ahmed/.rvm/gems/ruby-1.9.3-p392/gems/actionpack-4.1.6/lib/action_dispatch/middleware/templates/rescues/_trace.html.erb (1.8ms)
  Rendered /Users/ahmed/.rvm/gems/ruby-1.9.3-p392/gems/actionpack-4.1.6/lib/action_dispatch/middleware/templates/rescues/_request_and_response.html.erb (1.3ms)
  Rendered /Users/ahmed/.rvm/gems/ruby-1.9.3-p392/gems/actionpack-4.1.6/lib/action_dispatch/middleware/templates/rescues/diagnostics.erb within rescues/layout (51.4ms)


Started GET "/" for 127.0.0.1 at 2014-10-27 21:30:57 +0200
Processing by ApplicationController#index as HTML
  Rendered text template (0.0ms)
Sent data x.pdf (2.4ms)
Completed 200 OK in 9ms (Views: 2.2ms)


Started GET "/" for 127.0.0.1 at 2014-10-27 21:33:05 +0200
Processing by ApplicationController#index as HTML
  Rendered text template (0.0ms)
Sent data x.pdf (1.0ms)
Completed 200 OK in 62ms (Views: 0.8ms)


Started GET "/" for 127.0.0.1 at 2014-10-27 21:33:47 +0200
Processing by ApplicationController#index as HTML
  Rendered text template (0.0ms)
Sent data x.pdf (1.1ms)
Completed 200 OK in 15ms (Views: 1.0ms)


Started GET "/" for 127.0.0.1 at 2014-10-27 21:33:51 +0200
Processing by ApplicationController#index as HTML
  Rendered text template (0.0ms)
Sent data x.pdf (1.1ms)
Completed 200 OK in 10ms (Views: 0.9ms)


Started GET "/" for 127.0.0.1 at 2014-10-27 21:33:56 +0200
Processing by ApplicationController#index as HTML
  Rendered text template (0.0ms)
Sent data x.pdf (1.1ms)
Completed 200 OK in 117ms (Views: 0.9ms)


Started GET "/" for 127.0.0.1 at 2014-10-27 21:34:01 +0200
Processing by ApplicationController#index as HTML
  Rendered text template (0.0ms)
Sent data x.pdf (1.0ms)
Completed 200 OK in 8ms (Views: 0.9ms)


Started GET "/" for 127.0.0.1 at 2014-10-27 21:35:39 +0200
Processing by ApplicationController#index as HTML
  Rendered text template (0.0ms)
Sent data x.pdf (1.2ms)
Completed 200 OK in 71ms (Views: 1.0ms)


Started GET "/" for 127.0.0.1 at 2014-10-27 21:35:52 +0200
Processing by ApplicationController#index as HTML
  Rendered text template (0.0ms)
Sent data x.pdf (1.1ms)
Completed 200 OK in 13ms (Views: 0.9ms)


Started GET "/" for 127.0.0.1 at 2014-10-27 21:36:15 +0200
Processing by ApplicationController#index as HTML
  Rendered text template (0.0ms)
Sent data x.pdf (1.1ms)
Completed 200 OK in 32ms (Views: 0.9ms)


Started GET "/" for 127.0.0.1 at 2014-10-27 21:36:33 +0200
Processing by ApplicationController#index as HTML
  Rendered text template (0.0ms)
Sent data x.pdf (1.1ms)
Completed 200 OK in 10ms (Views: 1.0ms)


Started GET "/" for 127.0.0.1 at 2014-10-27 22:17:04 +0200
Processing by ApplicationController#index as HTML
  Rendered text template (0.0ms)
Sent data x.pdf (88.5ms)
Completed 200 OK in 161ms (Views: 88.4ms)
